# JRE version: OpenJDK Runtime Environment Microsoft-11926163 (17.0.16+8) (build 17.0.16+8-LTS)
# Java VM: OpenJDK 64-Bit Server VM Microsoft-11926163 (17.0.16+8-LTS, mixed mode, sharing, tiered, compressed oops, compressed class ptrs, g1 gc, windows-amd64)
GC Precious Log:
 CPUs: 12 total, 12 available
 Memory: 11676M
 Large Page Support: Disabled
 NUMA Support: Disabled
 Compressed Oops: Enabled (32-bit)
 Heap Region Size: 1M
 Heap Min Capacity: 8M
 Heap Initial Capacity: 184M
 Heap Max Capacity: 2G
 Pre-touch: Disabled
 Parallel Workers: 10
 Concurrent Workers: 3
 Concurrent Refinement Workers: 10
 Periodic GC: Disabled
Heap:
 garbage-first heap   total 92160K, used 66103K [0x0000000080000000, 0x0000000100000000)
  region size 1024K, 39 young (39936K), 2 survivors (2048K)
 Metaspace       used 34595K, committed 35072K, reserved 1114112K
  class space    used 4790K, committed 4992K, reserved 1048576K
GC Heap History (14 events):
Event: 0.945 GC heap before
{Heap before GC invocations=0 (full 0):
 garbage-first heap   total 188416K, used 22528K [0x0000000080000000, 0x0000000100000000)
  region size 1024K, 23 young (23552K), 0 survivors (0K)
 Metaspace       used 1070K, committed 1216K, reserved 1114112K
  class space    used 73K, committed 128K, reserved 1048576K
}
Event: 0.949 GC heap after
{Heap after GC invocations=1 (full 0):
 garbage-first heap   total 188416K, used 2688K [0x0000000080000000, 0x0000000100000000)
  region size 1024K, 3 young (3072K), 3 survivors (3072K)
 Metaspace       used 1070K, committed 1216K, reserved 1114112K
  class space    used 73K, committed 128K, reserved 1048576K
}
Event: 2.188 GC heap before
{Heap before GC invocations=1 (full 0):
 garbage-first heap   total 188416K, used 39552K [0x0000000080000000, 0x0000000100000000)
  region size 1024K, 37 young (37888K), 3 survivors (3072K)
 Metaspace       used 4395K, committed 4544K, reserved 1114112K
  class space    used 548K, committed 640K, reserved 1048576K
}
Event: 2.196 GC heap after
{Heap after GC invocations=2 (full 0):
 garbage-first heap   total 188416K, used 10981K [0x0000000080000000, 0x0000000100000000)
  region size 1024K, 5 young (5120K), 5 survivors (5120K)
 Metaspace       used 4395K, committed 4544K, reserved 1114112K
  class space    used 548K, committed 640K, reserved 1048576K
}
Event: 3.555 GC heap before
{Heap before GC invocations=2 (full 0):
 garbage-first heap   total 188416K, used 59109K [0x0000000080000000, 0x0000000100000000)
  region size 1024K, 50 young (51200K), 5 survivors (5120K)
 Metaspace       used 4843K, committed 4992K, reserved 1114112K
  class space    used 618K, committed 704K, reserved 1048576K
}
Event: 3.567 GC heap after
{Heap after GC invocations=3 (full 0):
 garbage-first heap   total 188416K, used 16565K [0x0000000080000000, 0x0000000100000000)
  region size 1024K, 5 young (5120K), 5 survivors (5120K)
 Metaspace       used 4843K, committed 4992K, reserved 1114112K
  class space    used 618K, committed 704K, reserved 1048576K
}
Event: 11.294 GC heap before
{Heap before GC invocations=3 (full 0):
 garbage-first heap   total 188416K, used 124085K [0x0000000080000000, 0x0000000100000000)
  region size 1024K, 110 young (112640K), 5 survivors (5120K)
 Metaspace       used 20985K, committed 21376K, reserved 1114112K
  class space    used 3045K, committed 3200K, reserved 1048576K
}
Event: 11.305 GC heap after
{Heap after GC invocations=4 (full 0):
 garbage-first heap   total 188416K, used 24077K [0x0000000080000000, 0x0000000100000000)
  region size 1024K, 12 young (12288K), 12 survivors (12288K)
 Metaspace       used 20985K, committed 21376K, reserved 1114112K
  class space    used 3045K, committed 3200K, reserved 1048576K
}
Event: 11.345 GC heap before
{Heap before GC invocations=4 (full 0):
 garbage-first heap   total 188416K, used 25101K [0x0000000080000000, 0x0000000100000000)
  region size 1024K, 14 young (14336K), 12 survivors (12288K)
 Metaspace       used 21145K, committed 21504K, reserved 1114112K
  class space    used 3070K, committed 3264K, reserved 1048576K
}
Event: 11.354 GC heap after
{Heap after GC invocations=5 (full 0):
 garbage-first heap   total 188416K, used 25195K [0x0000000080000000, 0x0000000100000000)
  region size 1024K, 2 young (2048K), 2 survivors (2048K)
 Metaspace       used 21145K, committed 21504K, reserved 1114112K
  class space    used 3070K, committed 3264K, reserved 1048576K
}
Event: 13.103 GC heap before
{Heap before GC invocations=6 (full 0):
 garbage-first heap   total 92160K, used 77419K [0x0000000080000000, 0x0000000100000000)
  region size 1024K, 54 young (55296K), 2 survivors (2048K)
 Metaspace       used 29507K, committed 29952K, reserved 1114112K
  class space    used 4100K, committed 4288K, reserved 1048576K
}
Event: 13.108 GC heap after
{Heap after GC invocations=7 (full 0):
 garbage-first heap   total 92160K, used 28280K [0x0000000080000000, 0x0000000100000000)
  region size 1024K, 5 young (5120K), 5 survivors (5120K)
 Metaspace       used 29507K, committed 29952K, reserved 1114112K
  class space    used 4100K, committed 4288K, reserved 1048576K
}
Event: 13.906 GC heap before
{Heap before GC invocations=7 (full 0):
 garbage-first heap   total 92160K, used 69240K [0x0000000080000000, 0x0000000100000000)
  region size 1024K, 44 young (45056K), 5 survivors (5120K)
 Metaspace       used 31845K, committed 32256K, reserved 1114112K
  class space    used 4338K, committed 4544K, reserved 1048576K
}
Event: 13.910 GC heap after
{Heap after GC invocations=8 (full 0):
 garbage-first heap   total 92160K, used 29239K [0x0000000080000000, 0x0000000100000000)
  region size 1024K, 2 young (2048K), 2 survivors (2048K)
 Metaspace       used 31845K, committed 32256K, reserved 1114112K
  class space    used 4338K, committed 4544K, reserved 1048576K
}

